<?xml version="1.0" encoding="UTF-8"?>
<!-- Generated by org.testng.reporters.JUnitXMLReporter -->
<testsuite hostname="LAPTOP-L4O1C8HM" ignored="0" name="Command line test" tests="9" failures="0" timestamp="2022-07-22T09:47:21 IST" time="1.027" errors="0">
  <testcase name="getCredentials" time="0.002" classname="testClasses.DataProviderExcelTest"/>
  <testcase name="getCredentials" time="0.0" classname="testClasses.DataProviderTest"/>
  <testcase name="getCredentials" time="0.0" classname="testClasses.DataProviderTest"/>
  <testcase name="getCredentials" time="0.0" classname="testClasses.DataProviderTest"/>
  <testcase name="testCase3" time="0.003" classname="testClasses.TestAnnotationAttributes"/>
  <testcase name="testCase4" time="0.0" classname="testClasses.TestAnnotationAttributes"/>
  <testcase name="testCase5" time="0.0" classname="testClasses.TestAnnotationAttributes"/>
  <testcase name="testCase1" time="0.0" classname="testClasses.TestAnnotationAttributes"/>
  <testcase name="testCase2" time="0.0" classname="testClasses.TestAnnotationAttributes"/>
</testsuite> <!-- Command line test -->
