<?xml version="1.0" encoding="UTF-8"?>
<testng-results skipped="0" failed="1" ignored="0" total="10" passed="9">
  <reporter-output>
  </reporter-output>
  <suite name="Command line suite" duration-ms="725" started-at="2022-07-19T23:53:14 IST" finished-at="2022-07-19T23:53:15 IST">
    <groups>
    </groups>
    <test name="Command line test" duration-ms="725" started-at="2022-07-19T23:53:14 IST" finished-at="2022-07-19T23:53:15 IST">
      <class name="testClasses.TestAnnotationAttributes">
        <test-method status="PASS" signature="testCase3()[pri:0, instance:testClasses.TestAnnotationAttributes@13a5fe33]" name="testCase3" duration-ms="2" started-at="2022-07-19T23:53:15 IST" finished-at="2022-07-19T23:53:15 IST">
          <reporter-output>
          </reporter-output>
        </test-method> <!-- testCase3 -->
        <test-method status="PASS" signature="testCase4()[pri:0, instance:testClasses.TestAnnotationAttributes@13a5fe33]" name="testCase4" duration-ms="0" started-at="2022-07-19T23:53:15 IST" depends-on-methods="testClasses.TestAnnotationAttributes.testCase3" finished-at="2022-07-19T23:53:15 IST">
          <reporter-output>
          </reporter-output>
        </test-method> <!-- testCase4 -->
        <test-method status="PASS" signature="testCase5()[pri:0, instance:testClasses.TestAnnotationAttributes@13a5fe33]" name="testCase5" duration-ms="0" started-at="2022-07-19T23:53:15 IST" finished-at="2022-07-19T23:53:15 IST">
          <reporter-output>
          </reporter-output>
        </test-method> <!-- testCase5 -->
        <test-method status="PASS" signature="testCase1()[pri:1, instance:testClasses.TestAnnotationAttributes@13a5fe33]" name="testCase1" duration-ms="0" started-at="2022-07-19T23:53:15 IST" finished-at="2022-07-19T23:53:15 IST">
          <reporter-output>
          </reporter-output>
        </test-method> <!-- testCase1 -->
        <test-method status="PASS" signature="testCase2()[pri:1, instance:testClasses.TestAnnotationAttributes@13a5fe33]" name="testCase2" duration-ms="0" started-at="2022-07-19T23:53:15 IST" description="First random test case" finished-at="2022-07-19T23:53:15 IST">
          <reporter-output>
          </reporter-output>
        </test-method> <!-- testCase2 -->
      </class> <!-- testClasses.TestAnnotationAttributes -->
      <class name="testClasses.DataProviderTest">
        <test-method status="FAIL" signature="getCountry(java.lang.String)[pri:0, instance:testClasses.DataProviderTest@2286778]" name="getCountry" duration-ms="0" started-at="2022-07-19T23:53:15 IST" finished-at="2022-07-19T23:53:15 IST">
          <exception class="org.testng.TestNGException">
            <message>
              <![CDATA[
Parameter 'country' is required by @Test on method getCountry but has not been marked @Optional or defined
]]>
            </message>
            <full-stacktrace>
              <![CDATA[org.testng.TestNGException: 
Parameter 'country' is required by @Test on method getCountry but has not been marked @Optional or defined

at org.testng.internal.Parameters.createParams(Parameters.java:270)
at org.testng.internal.Parameters.createParametersForMethod(Parameters.java:358)
at org.testng.internal.Parameters.createParameters(Parameters.java:700)
at org.testng.internal.Parameters.handleParameters(Parameters.java:884)
at org.testng.internal.Parameters.handleParameters(Parameters.java:740)
at org.testng.internal.ParameterHandler.handleParameters(ParameterHandler.java:59)
at org.testng.internal.ParameterHandler.createParameters(ParameterHandler.java:38)
at org.testng.internal.TestInvoker$MethodInvocationAgent.invoke(TestInvoker.java:791)
at org.testng.internal.TestInvoker.invokeTestMethods(TestInvoker.java:146)
at org.testng.internal.TestMethodWorker.invokeTestMethods(TestMethodWorker.java:146)
at org.testng.internal.TestMethodWorker.run(TestMethodWorker.java:128)
at java.util.ArrayList.forEach(ArrayList.java:1257)
at org.testng.TestRunner.privateRun(TestRunner.java:794)
at org.testng.TestRunner.run(TestRunner.java:596)
at org.testng.SuiteRunner.runTest(SuiteRunner.java:377)
at org.testng.SuiteRunner.runSequentially(SuiteRunner.java:371)
at org.testng.SuiteRunner.privateRun(SuiteRunner.java:332)
at org.testng.SuiteRunner.run(SuiteRunner.java:276)
at org.testng.SuiteRunnerWorker.runSuite(SuiteRunnerWorker.java:53)
at org.testng.SuiteRunnerWorker.run(SuiteRunnerWorker.java:96)
at org.testng.TestNG.runSuitesSequentially(TestNG.java:1212)
at org.testng.TestNG.runSuitesLocally(TestNG.java:1134)
at org.testng.TestNG.runSuites(TestNG.java:1063)
at org.testng.TestNG.run(TestNG.java:1031)
at org.apache.maven.surefire.testng.TestNGExecutor.run(TestNGExecutor.java:77)
at org.apache.maven.surefire.testng.TestNGDirectoryTestSuite.executeMulti(TestNGDirectoryTestSuite.java:159)
at org.apache.maven.surefire.testng.TestNGDirectoryTestSuite.execute(TestNGDirectoryTestSuite.java:99)
at org.apache.maven.surefire.testng.TestNGProvider.invoke(TestNGProvider.java:106)
at sun.reflect.NativeMethodAccessorImpl.invoke0(Native Method)
at sun.reflect.NativeMethodAccessorImpl.invoke(NativeMethodAccessorImpl.java:62)
at sun.reflect.DelegatingMethodAccessorImpl.invoke(DelegatingMethodAccessorImpl.java:43)
at java.lang.reflect.Method.invoke(Method.java:498)
at org.apache.maven.surefire.util.ReflectionUtils.invokeMethodWithArray(ReflectionUtils.java:189)
at org.apache.maven.surefire.booter.ProviderFactory$ProviderProxy.invoke(ProviderFactory.java:165)
at org.apache.maven.surefire.booter.ProviderFactory.invokeProvider(ProviderFactory.java:85)
at org.apache.maven.surefire.booter.ForkedBooter.runSuitesInProcess(ForkedBooter.java:115)
at org.apache.maven.surefire.booter.ForkedBooter.main(ForkedBooter.java:75)
]]>
            </full-stacktrace>
          </exception> <!-- org.testng.TestNGException -->
          <reporter-output>
          </reporter-output>
        </test-method> <!-- getCountry -->
        <test-method status="PASS" signature="getCredentials(java.lang.String,java.lang.String)[pri:0, instance:testClasses.DataProviderTest@2286778]" name="getCredentials" duration-ms="0" started-at="2022-07-19T23:53:15 IST" data-provider="Credentials" finished-at="2022-07-19T23:53:15 IST">
          <params>
            <param index="0">
              <value>
                <![CDATA[admin]]>
              </value>
            </param>
            <param index="1">
              <value>
                <![CDATA[abc]]>
              </value>
            </param>
          </params>
          <reporter-output>
          </reporter-output>
        </test-method> <!-- getCredentials -->
        <test-method status="PASS" signature="getCredentials(java.lang.String,java.lang.String)[pri:0, instance:testClasses.DataProviderTest@2286778]" name="getCredentials" duration-ms="0" started-at="2022-07-19T23:53:15 IST" data-provider="Credentials" finished-at="2022-07-19T23:53:15 IST">
          <params>
            <param index="0">
              <value>
                <![CDATA[laxman]]>
              </value>
            </param>
            <param index="1">
              <value>
                <![CDATA[def]]>
              </value>
            </param>
          </params>
          <reporter-output>
          </reporter-output>
        </test-method> <!-- getCredentials -->
        <test-method status="PASS" signature="getCredentials(java.lang.String,java.lang.String)[pri:0, instance:testClasses.DataProviderTest@2286778]" name="getCredentials" duration-ms="0" started-at="2022-07-19T23:53:15 IST" data-provider="Credentials" finished-at="2022-07-19T23:53:15 IST">
          <params>
            <param index="0">
              <value>
                <![CDATA[rahul]]>
              </value>
            </param>
            <param index="1">
              <value>
                <![CDATA[xyz]]>
              </value>
            </param>
          </params>
          <reporter-output>
          </reporter-output>
        </test-method> <!-- getCredentials -->
      </class> <!-- testClasses.DataProviderTest -->
      <class name="testClasses.DataProviderExcelTest">
        <test-method status="PASS" signature="getCredentials(java.lang.String,java.lang.String)[pri:0, instance:testClasses.DataProviderExcelTest@66480dd7]" name="getCredentials" duration-ms="4" started-at="2022-07-19T23:53:15 IST" data-provider="Credentials" finished-at="2022-07-19T23:53:15 IST">
          <params>
            <param index="0">
              <value>
                <![CDATA[Admin]]>
              </value>
            </param>
            <param index="1">
              <value>
                <![CDATA[admin123]]>
              </value>
            </param>
          </params>
          <reporter-output>
          </reporter-output>
        </test-method> <!-- getCredentials -->
      </class> <!-- testClasses.DataProviderExcelTest -->
    </test> <!-- Command line test -->
  </suite> <!-- Command line suite -->
</testng-results>
