<?xml version="1.0" encoding="UTF-8"?>
<testng-results skipped="0" failed="0" ignored="0" total="9" passed="9">
  <reporter-output>
  </reporter-output>
  <suite name="Command line suite" duration-ms="1027" started-at="2022-07-22T09:47:20 IST" finished-at="2022-07-22T09:47:21 IST">
    <groups>
    </groups>
    <test name="Command line test" duration-ms="1027" started-at="2022-07-22T09:47:20 IST" finished-at="2022-07-22T09:47:21 IST">
      <class name="testClasses.TestAnnotationAttributes">
        <test-method status="PASS" signature="testCase3()[pri:0, instance:testClasses.TestAnnotationAttributes@3632be31]" name="testCase3" duration-ms="3" started-at="2022-07-22T09:47:21 IST" finished-at="2022-07-22T09:47:21 IST">
          <reporter-output>
          </reporter-output>
        </test-method> <!-- testCase3 -->
        <test-method status="PASS" signature="testCase4()[pri:0, instance:testClasses.TestAnnotationAttributes@3632be31]" name="testCase4" duration-ms="0" started-at="2022-07-22T09:47:21 IST" depends-on-methods="testClasses.TestAnnotationAttributes.testCase3" finished-at="2022-07-22T09:47:21 IST">
          <reporter-output>
          </reporter-output>
        </test-method> <!-- testCase4 -->
        <test-method status="PASS" signature="testCase5()[pri:0, instance:testClasses.TestAnnotationAttributes@3632be31]" name="testCase5" duration-ms="0" started-at="2022-07-22T09:47:21 IST" finished-at="2022-07-22T09:47:21 IST">
          <reporter-output>
          </reporter-output>
        </test-method> <!-- testCase5 -->
        <test-method status="PASS" signature="testCase1()[pri:1, instance:testClasses.TestAnnotationAttributes@3632be31]" name="testCase1" duration-ms="0" started-at="2022-07-22T09:47:21 IST" finished-at="2022-07-22T09:47:21 IST">
          <reporter-output>
          </reporter-output>
        </test-method> <!-- testCase1 -->
        <test-method status="PASS" signature="testCase2()[pri:1, instance:testClasses.TestAnnotationAttributes@3632be31]" name="testCase2" duration-ms="0" started-at="2022-07-22T09:47:21 IST" description="First random test case" finished-at="2022-07-22T09:47:21 IST">
          <reporter-output>
          </reporter-output>
        </test-method> <!-- testCase2 -->
      </class> <!-- testClasses.TestAnnotationAttributes -->
      <class name="testClasses.DataProviderTest">
        <test-method status="PASS" signature="getCredentials(java.lang.String,java.lang.String)[pri:0, instance:testClasses.DataProviderTest@20398b7c]" name="getCredentials" duration-ms="0" started-at="2022-07-22T09:47:21 IST" data-provider="Credentials" finished-at="2022-07-22T09:47:21 IST">
          <params>
            <param index="0">
              <value>
                <![CDATA[admin]]>
              </value>
            </param>
            <param index="1">
              <value>
                <![CDATA[abc]]>
              </value>
            </param>
          </params>
          <reporter-output>
          </reporter-output>
        </test-method> <!-- getCredentials -->
        <test-method status="PASS" signature="getCredentials(java.lang.String,java.lang.String)[pri:0, instance:testClasses.DataProviderTest@20398b7c]" name="getCredentials" duration-ms="0" started-at="2022-07-22T09:47:21 IST" data-provider="Credentials" finished-at="2022-07-22T09:47:21 IST">
          <params>
            <param index="0">
              <value>
                <![CDATA[rahul]]>
              </value>
            </param>
            <param index="1">
              <value>
                <![CDATA[xyz]]>
              </value>
            </param>
          </params>
          <reporter-output>
          </reporter-output>
        </test-method> <!-- getCredentials -->
        <test-method status="PASS" signature="getCredentials(java.lang.String,java.lang.String)[pri:0, instance:testClasses.DataProviderTest@20398b7c]" name="getCredentials" duration-ms="0" started-at="2022-07-22T09:47:21 IST" data-provider="Credentials" finished-at="2022-07-22T09:47:21 IST">
          <params>
            <param index="0">
              <value>
                <![CDATA[laxman]]>
              </value>
            </param>
            <param index="1">
              <value>
                <![CDATA[def]]>
              </value>
            </param>
          </params>
          <reporter-output>
          </reporter-output>
        </test-method> <!-- getCredentials -->
      </class> <!-- testClasses.DataProviderTest -->
      <class name="testClasses.DataProviderExcelTest">
        <test-method status="PASS" signature="getCredentials(java.lang.String,java.lang.String)[pri:0, instance:testClasses.DataProviderExcelTest@71318ec4]" name="getCredentials" duration-ms="2" started-at="2022-07-22T09:47:21 IST" data-provider="Credentials" finished-at="2022-07-22T09:47:21 IST">
          <params>
            <param index="0">
              <value>
                <![CDATA[Admin]]>
              </value>
            </param>
            <param index="1">
              <value>
                <![CDATA[admin123]]>
              </value>
            </param>
          </params>
          <reporter-output>
          </reporter-output>
        </test-method> <!-- getCredentials -->
      </class> <!-- testClasses.DataProviderExcelTest -->
    </test> <!-- Command line test -->
  </suite> <!-- Command line suite -->
</testng-results>
